<?xml version="1.0" encoding="UTF-8"?>
<!-- Generated by org.testng.reporters.JUnitReportReporter -->
<testsuite skipped="0" hostname="DESKTOP-B2220QC" name="tests.TestNGClass" tests="2" failures="0" timestamp="2022-06-22T09:03:04 IST" time="11.049" errors="0">
  <testcase name="testA" time="6.698" classname="tests.TestNGClass"/>
  <system-out/>
  <testcase name="testB" time="4.351" classname="tests.TestNGClass"/>
  <system-out/>
</testsuite> <!-- tests.TestNGClass -->
