<?xml version="1.0" encoding="UTF-8"?>
<!-- Generated by org.testng.reporters.JUnitReportReporter -->
<testsuite skipped="0" hostname="DESKTOP-B2220QC" name="tests.toVerifyTaskButtonTestNG" tests="2" failures="0" timestamp="2022-06-24T08:49:18 IST" time="9.505" errors="0">
  <testcase name="toVerifyReportButton" time="6.249" classname="tests.toVerifyTaskButtonTestNG"/>
  <system-out/>
  <testcase name="toVerifyTaskButton" time="3.256" classname="tests.toVerifyTaskButtonTestNG"/>
  <system-out/>
</testsuite> <!-- tests.toVerifyTaskButtonTestNG -->
