<?xml version="1.0" encoding="UTF-8"?>
<!-- Generated by org.testng.reporters.JUnitReportReporter -->
<testsuite skipped="0" hostname="DESKTOP-B2220QC" name="tests.VerifyTaskButtonTestNG" tests="4" failures="0" timestamp="2022-06-30T08:56:32 IST" time="51.574" errors="0">
  <testcase name="toVerifyReportButton" time="28.750" classname="tests.VerifyTaskButtonTestNG"/>
  <system-out/>
  <testcase name="toVerifyReportButton" time="3.614" classname="tests.VerifyTaskButtonTestNG"/>
  <system-out/>
  <testcase name="toVerifyTaskButton" time="9.682" classname="tests.VerifyTaskButtonTestNG"/>
  <system-out/>
  <testcase name="toVerifyTaskButton" time="9.528" classname="tests.VerifyTaskButtonTestNG"/>
  <system-out/>
</testsuite> <!-- tests.VerifyTaskButtonTestNG -->
