<?xml version="1.0" encoding="UTF-8"?>
<!-- Generated by org.testng.reporters.JUnitReportReporter -->
<testsuite skipped="0" hostname="DESKTOP-B2220QC" name="Pack123.TestClass" tests="4" failures="0" timestamp="2022-06-29T08:48:50 IST" time="0.024" errors="0">
  <testcase name="testB" time="0.005" classname="Pack123.TestClass"/>
  <system-out/>
  <testcase name="testA" time="0.005" classname="Pack123.TestClass"/>
  <system-out/>
  <testcase name="testA" time="0.009" classname="Pack123.TestClass"/>
  <system-out/>
  <testcase name="testB" time="0.005" classname="Pack123.TestClass"/>
  <system-out/>
</testsuite> <!-- Pack123.TestClass -->
